<?xml version="1.0" encoding="UTF-8"?>
<testsuite xmlns:xsi="http://www.w3.org/2001/XMLSchema-instance" xsi:noNamespaceSchemaLocation="https://maven.apache.org/surefire/maven-surefire-plugin/xsd/surefire-test-report-3.0.xsd" version="3.0" name="db.DataLoaderTest" time="1.857" tests="1" errors="0" skipped="0" failures="0">
  <properties>
    <property name="java.specification.version" value="20"/>
    <property name="sun.cpu.isalist" value="amd64"/>
    <property name="sun.jnu.encoding" value="Cp1252"/>
    <property name="java.class.path" value="F:\DAM2023\ACCESODATOS\13.mongoLogin\MongoManager\target\test-classes;F:\DAM2023\ACCESODATOS\13.mongoLogin\MongoManager\target\classes;C:\Users\marti\.m2\repository\org\mongodb\mongodb-driver-sync\4.11.1\mongodb-driver-sync-4.11.1.jar;C:\Users\marti\.m2\repository\org\mongodb\bson\4.11.1\bson-4.11.1.jar;C:\Users\marti\.m2\repository\org\mongodb\mongodb-driver-core\4.11.1\mongodb-driver-core-4.11.1.jar;C:\Users\marti\.m2\repository\org\mongodb\bson-record-codec\4.11.1\bson-record-codec-4.11.1.jar;C:\Users\marti\.m2\repository\junit\junit\4.13.2\junit-4.13.2.jar;C:\Users\marti\.m2\repository\org\hamcrest\hamcrest-core\1.3\hamcrest-core-1.3.jar;"/>
    <property name="java.vm.vendor" value="Oracle Corporation"/>
    <property name="sun.arch.data.model" value="64"/>
    <property name="user.variant" value=""/>
    <property name="java.vendor.url" value="https://java.oracle.com/"/>
    <property name="user.timezone" value="Europe/Madrid"/>
    <property name="os.name" value="Windows 10"/>
    <property name="java.vm.specification.version" value="20"/>
    <property name="user.country" value="ES"/>
    <property name="sun.java.launcher" value="SUN_STANDARD"/>
    <property name="sun.boot.library.path" value="C:\Program Files\Java\jdk-20\bin"/>
    <property name="sun.java.command" value="C:\Users\marti\AppData\Local\Temp\surefire17955529580141583657\surefirebooter-20240224175304715_3.jar C:\Users\marti\AppData\Local\Temp\surefire17955529580141583657 2024-02-24T17-53-04_568-jvmRun1 surefire-20240224175304715_1tmp surefire_0-20240224175304715_2tmp"/>
    <property name="jdk.debug" value="release"/>
    <property name="test" value="db.DataLoaderTest#testListByShow"/>
    <property name="surefire.test.class.path" value="F:\DAM2023\ACCESODATOS\13.mongoLogin\MongoManager\target\test-classes;F:\DAM2023\ACCESODATOS\13.mongoLogin\MongoManager\target\classes;C:\Users\marti\.m2\repository\org\mongodb\mongodb-driver-sync\4.11.1\mongodb-driver-sync-4.11.1.jar;C:\Users\marti\.m2\repository\org\mongodb\bson\4.11.1\bson-4.11.1.jar;C:\Users\marti\.m2\repository\org\mongodb\mongodb-driver-core\4.11.1\mongodb-driver-core-4.11.1.jar;C:\Users\marti\.m2\repository\org\mongodb\bson-record-codec\4.11.1\bson-record-codec-4.11.1.jar;C:\Users\marti\.m2\repository\junit\junit\4.13.2\junit-4.13.2.jar;C:\Users\marti\.m2\repository\org\hamcrest\hamcrest-core\1.3\hamcrest-core-1.3.jar;"/>
    <property name="sun.cpu.endian" value="little"/>
    <property name="user.home" value="C:\Users\marti"/>
    <property name="user.language" value="es"/>
    <property name="java.specification.vendor" value="Oracle Corporation"/>
    <property name="java.version.date" value="2023-07-18"/>
    <property name="java.home" value="C:\Program Files\Java\jdk-20"/>
    <property name="file.separator" value="\"/>
    <property name="basedir" value="F:\DAM2023\ACCESODATOS\13.mongoLogin\MongoManager"/>
    <property name="java.vm.compressedOopsMode" value="Zero based"/>
    <property name="line.separator" value="&#10;"/>
    <property name="java.vm.specification.vendor" value="Oracle Corporation"/>
    <property name="java.specification.name" value="Java Platform API Specification"/>
    <property name="surefire.real.class.path" value="C:\Users\marti\AppData\Local\Temp\surefire17955529580141583657\surefirebooter-20240224175304715_3.jar"/>
    <property name="user.script" value=""/>
    <property name="sun.management.compiler" value="HotSpot 64-Bit Tiered Compilers"/>
    <property name="java.runtime.version" value="20.0.2+9-78"/>
    <property name="user.name" value="marti"/>
    <property name="stdout.encoding" value="Cp1252"/>
    <property name="path.separator" value=";"/>
    <property name="os.version" value="10.0"/>
    <property name="java.runtime.name" value="Java(TM) SE Runtime Environment"/>
    <property name="file.encoding" value="UTF-8"/>
    <property name="java.vm.name" value="Java HotSpot(TM) 64-Bit Server VM"/>
    <property name="maven.ext.class.path" value="C:\Program Files\NetBeans-20\netbeans\java\maven-nblib\netbeans-eventspy.jar"/>
    <property name="localRepository" value="C:\Users\marti\.m2\repository"/>
    <property name="java.vendor.url.bug" value="https://bugreport.java.com/bugreport/"/>
    <property name="java.io.tmpdir" value="C:\Users\marti\AppData\Local\Temp\"/>
    <property name="java.version" value="20.0.2"/>
    <property name="user.dir" value="F:\DAM2023\ACCESODATOS\13.mongoLogin\MongoManager"/>
    <property name="os.arch" value="amd64"/>
    <property name="java.vm.specification.name" value="Java Virtual Machine Specification"/>
    <property name="sun.os.patch.level" value=""/>
    <property name="native.encoding" value="Cp1252"/>
    <property name="java.library.path" value="C:\Program Files\Java\jdk-20\bin;C:\WINDOWS\Sun\Java\bin;C:\WINDOWS\system32;C:\WINDOWS;C:\Program Files (x86)\VMware\VMware Workstation\bin\;C:\Program Files\Common Files\Oracle\Java\javapath;C:\Program Files (x86)\Common Files\Oracle\Java\javapath;C:\Program Files (x86)\Common Files\Intel\Shared Libraries\redist\intel64\compiler;C:\Windows\system32;C:\Windows;C:\Windows\System32\Wbem;C:\Windows\System32\WindowsPowerShell\v1.0\;C:\Windows\System32\OpenSSH\;C:\Program Files (x86)\NVIDIA Corporation\PhysX\Common;C:\Program Files\NVIDIA Corporation\NVIDIA NvDLISR;C:\WINDOWS\system32;C:\WINDOWS;C:\WINDOWS\System32\Wbem;C:\WINDOWS\System32\WindowsPowerShell\v1.0\;C:\WINDOWS\System32\OpenSSH\;C:\Program Files\dotnet\;C:\Program Files\Git\cmd;C:\Program Files\AutoFirma\AutoFirma;D:\PROGRAMAS\;C:\Program Files\Docker\Docker\resources\bin;C:\Users\marti\AppData\Local\Programs\Python\Python311\Scripts\;C:\Users\marti\AppData\Local\Programs\Python\Python311\;C:\Users\marti\AppData\Local\Microsoft\WindowsApps;C:\Users\marti\AppData\Local\Programs\Microsoft VS Code\bin;C:\Users\marti\AppData\Roaming\npm;C:\Users\marti\.dotnet\tools;C:\Program Files\Java\jdk-20;;."/>
    <property name="java.vm.info" value="mixed mode, sharing"/>
    <property name="stderr.encoding" value="Cp1252"/>
    <property name="java.vendor" value="Oracle Corporation"/>
    <property name="java.vm.version" value="20.0.2+9-78"/>
    <property name="sun.io.unicode.encoding" value="UnicodeLittle"/>
    <property name="java.class.version" value="64.0"/>
  </properties>
  <testcase name="testListByShow" classname="db.DataLoaderTest" time="1.802">
    <system-out><![CDATA[Cargada configuración de --> viernes, 23 de febrero de 2024, 18:33:03
Probando conexion
...&amp#8;Colecciones agregadas en test
--------------------------------
|     Conexion establecida     |
--------------------------------
listByShow
]]></system-out>
    <system-err><![CDATA[feb 24, 2024 5:53:05 P. M. org.bson.diagnostics.Loggers shouldUseSLF4J
WARNING: SLF4J not found on the classpath. Logging is disabled for the 'org.bson' component
feb 24, 2024 5:53:05 P. M. com.mongodb.internal.diagnostics.logging.Loggers shouldUseSLF4J
WARNING: SLF4J not found on the classpath.  Logging is disabled for the 'org.mongodb.driver' component
]]></system-err>
  </testcase>
</testsuite>